\BOOKMARK [1][-]{section.1}{\376\377\000I\000n\000t\000r\000o\000d\000u\000c\000t\000i\000o\000n}{}% 1
\BOOKMARK [1][-]{section.2}{\376\377\000C\000o\000m\000p\000o\000n\000e\000n\000t\000\040\000O\000v\000e\000r\000v\000i\000e\000w}{}% 2
\BOOKMARK [1][-]{section.3}{\376\377\000R\000e\000a\000s\000o\000n\000\040\000f\000o\000r\000\040\000c\000o\000m\000p\000o\000n\000e\000n\000t\000\040\000c\000h\000o\000i\000c\000e}{}% 3
\BOOKMARK [2][-]{subsection.3.1}{\376\377\000D\000F\0004\0005\000L\0000\0002\0004\0000\0004\0008\000-\000A}{section.3}% 4
\BOOKMARK [2][-]{subsection.3.2}{\376\377\000H\000o\000b\000b\000y\000w\000i\000n\000g\000\040\000F\000P\000V\000\040\000X\000R\000o\000t\000o\000r\000\040\0003\0001\0001\0000\000\040\0009\0000\0000\000K\000V}{section.3}% 5
\BOOKMARK [2][-]{subsection.3.3}{\376\377\000B\000-\000G\0004\0003\0001\000B\000-\000E\000S\000C\0001}{section.3}% 6
\BOOKMARK [3][-]{subsubsection.3.3.1}{\376\377\000U\000d\000e\000A\000\040\000c\000o\000n\000s\000i\000d\000e\000r\000a\000t\000i\000o\000n\000s}{subsection.3.3}% 7
\BOOKMARK [2][-]{subsection.3.4}{\376\377\000N\000U\000C\000L\000E\000O\000-\000H\0007\0002\0003\000Z\000G\000\040\000M\000i\000c\000r\000o\000c\000o\000n\000t\000r\000o\000l\000l\000e\000r}{section.3}% 8
\BOOKMARK [3][-]{subsubsection.3.4.1}{\376\377\000U\000d\000e\000A\000\040\000c\000o\000n\000s\000i\000d\000e\000r\000a\000t\000i\000o\000n\000s}{subsection.3.4}% 9
\BOOKMARK [2][-]{subsection.3.5}{\376\377\000R\000a\000s\000p\000b\000e\000r\000r\000y\000\040\000P\000i\000\040\0004\000\040\000M\000o\000d\000e\000l\000\040\000B\000/\0008\000G\000B}{section.3}% 10
\BOOKMARK [3][-]{subsubsection.3.5.1}{\376\377\000U\000d\000e\000A\000\040\000c\000o\000n\000s\000i\000d\000e\000r\000a\000t\000i\000o\000n\000s}{subsection.3.5}% 11
\BOOKMARK [2][-]{subsection.3.6}{\376\377\000S\000X\0001\0002\0008\0000\000I\000M\000L\000T\000R\000T\000\040\000+\000\040\000S\000K\000Y\0006\0006\0001\0002\0002\000-\0001\0001}{section.3}% 12
\BOOKMARK [3][-]{subsubsection.3.6.1}{\376\377\000U\000d\000e\000A\000\040\000c\000o\000n\000s\000i\000d\000e\000r\000a\000t\000i\000o\000n\000s}{subsection.3.6}% 13
\BOOKMARK [2][-]{subsection.3.7}{\376\377\000i\000C\000-\000P\000X\0002\0006\0000\0004\000\040\000+\000\040\000P\000X\0000\0001\000S\000\040\0002\0006\000-\0003\0000}{section.3}% 14
\BOOKMARK [3][-]{subsubsection.3.7.1}{\376\377\000U\000d\000e\000A\000\040\000c\000o\000n\000s\000i\000d\000e\000r\000a\000t\000i\000o\000n\000s}{subsection.3.7}% 15
\BOOKMARK [2][-]{subsection.3.8}{\376\377\000W\000S\000E\000N\000-\000I\000S\000D\000S\000\040\0006\000\040\000A\000x\000i\000s\000\040\000I\000M\000U}{section.3}% 16
\BOOKMARK [3][-]{subsubsection.3.8.1}{\376\377\000U\000d\000e\000A\000\040\000c\000o\000n\000s\000i\000d\000e\000r\000a\000t\000i\000o\000n\000s}{subsection.3.8}% 17
\BOOKMARK [2][-]{subsection.3.9}{\376\377\000R\000a\000s\000p\000b\000e\000r\000r\000y\000\040\000P\000i\000\040\000C\000a\000m\000e\000r\000a\000-\000m\000o\000d\000u\000l\000e\000\040\0003}{section.3}% 18
\BOOKMARK [2][-]{subsection.3.10}{\376\377\000I\000R\000\040\000B\000r\000e\000a\000k\000\040\000B\000e\000a\000m\000\040\000S\000e\000n\000s\000o\000r\000\040\000-\000\040\0005\000m\000m\000\040\000L\000E\000D\000s}{section.3}% 19
\BOOKMARK [3][-]{subsubsection.3.10.1}{\376\377\000U\000d\000e\000A\000\040\000c\000o\000n\000s\000i\000d\000e\000r\000a\000t\000i\000o\000n\000s}{subsection.3.10}% 20
\BOOKMARK [2][-]{subsection.3.11}{\376\377\000C\000o\000n\000n\000e\000c\000t\000o\000r\000s}{section.3}% 21
\BOOKMARK [2][-]{subsection.3.12}{\376\377\000S\000h\000a\000f\000t\000\040\000h\000u\000b\000\040\000w\000i\000t\000h\000\040\000c\000l\000a\000m\000p\000i\000n\000g\000\040\000b\000r\000a\000c\000k\000e\000t\000\040\0004\000m\000m}{section.3}% 22
\BOOKMARK [2][-]{subsection.3.13}{\376\377\000B\000e\000a\000r\000i\000n\000g\000s}{section.3}% 23
\BOOKMARK [2][-]{subsection.3.14}{\376\377\000R\000e\000s\000i\000s\000t\000o\000r\000s}{section.3}% 24
\BOOKMARK [2][-]{subsection.3.15}{\376\377\000C\000a\000p\000a\000c\000i\000t\000o\000r\000s}{section.3}% 25
\BOOKMARK [2][-]{subsection.3.16}{\376\377\000V\000o\000l\000t\000a\000g\000e\000\040\000r\000e\000g\000u\000l\000a\000t\000o\000r\000s}{section.3}% 26
\BOOKMARK [2][-]{subsection.3.17}{\376\377\000S\000o\000l\000e\000n\000o\000i\000d}{section.3}% 27
\BOOKMARK [2][-]{subsection.3.18}{\376\377\000P\000C\000B}{section.3}% 28
\BOOKMARK [1][-]{section.4}{\376\377\000H\000a\000r\000d\000w\000a\000r\000e\000\040\000A\000r\000c\000h\000i\000t\000e\000c\000t\000u\000r\000e}{}% 29
\BOOKMARK [1][-]{section.5}{\376\377\000H\000a\000r\000d\000w\000a\000r\000e\000\040\000I\000n\000t\000e\000r\000f\000a\000c\000e}{}% 30
\BOOKMARK [1][-]{section.6}{\376\377\000A\000l\000t\000e\000r\000n\000a\000t\000i\000v\000e\000\040\000B\000O\000M\000\040\000t\000h\000a\000t\000\040\000h\000a\000s\000\040\000e\000q\000u\000a\000l\000\040\000c\000o\000m\000p\000o\000n\000e\000n\000t\000s\000\040\000t\000o\000\040\000U\000d\000e\000A\000\040\000C\000o\000l\000l\000a\000b\000o\000r\000a\000t\000i\000o\000n}{}% 31
\BOOKMARK [2][-]{subsubsection.6.0.1}{\376\377\000M\000N\0005\0002\0000\0008}{section.6}% 32
